
Start-Date: 2020-04-23  07:35:55
Commandline: apt-get install --reinstall adduser
Reinstall: adduser:arm64 (3.118ubuntu2)
End-Date: 2020-04-23  07:35:57

Start-Date: 2020-04-23  07:35:59
Commandline: apt-get install --reinstall apt
Reinstall: apt:arm64 (2.0.2)
End-Date: 2020-04-23  07:36:02

Start-Date: 2020-04-23  07:36:05
Commandline: apt-get install --reinstall base-files
Reinstall: base-files:arm64 (11ubuntu5)
End-Date: 2020-04-23  07:36:06

Start-Date: 2020-04-23  07:36:09
Commandline: apt-get install --reinstall base-passwd
Reinstall: base-passwd:arm64 (3.5.47)
End-Date: 2020-04-23  07:36:11

Start-Date: 2020-04-23  07:36:14
Commandline: apt-get install --reinstall bash
Reinstall: bash:arm64 (5.0-6ubuntu1)
End-Date: 2020-04-23  07:36:15

Start-Date: 2020-04-23  07:36:18
Commandline: apt-get install --reinstall bsdutils
Reinstall: bsdutils:arm64 (1:2.34-0.1ubuntu9)
End-Date: 2020-04-23  07:36:19

Start-Date: 2020-04-23  07:36:22
Commandline: apt-get install --reinstall bzip2
Reinstall: bzip2:arm64 (1.0.8-2)
End-Date: 2020-04-23  07:36:23

Start-Date: 2020-04-23  07:36:26
Commandline: apt-get install --reinstall coreutils
Reinstall: coreutils:arm64 (8.30-3ubuntu2)
End-Date: 2020-04-23  07:36:27

Start-Date: 2020-04-23  07:36:30
Commandline: apt-get install --reinstall dash
Reinstall: dash:arm64 (0.5.10.2-6)
End-Date: 2020-04-23  07:36:32

Start-Date: 2020-04-23  07:36:35
Commandline: apt-get install --reinstall debconf
Reinstall: debconf:arm64 (1.5.73)
End-Date: 2020-04-23  07:36:36

Start-Date: 2020-04-23  07:36:39
Commandline: apt-get install --reinstall debianutils
Reinstall: debianutils:arm64 (4.9.1)
End-Date: 2020-04-23  07:36:40

Start-Date: 2020-04-23  07:36:43
Commandline: apt-get install --reinstall diffutils
Reinstall: diffutils:arm64 (1:3.7-3)
End-Date: 2020-04-23  07:36:45

Start-Date: 2020-04-23  07:36:48
Commandline: apt-get install --reinstall dpkg
Reinstall: dpkg:arm64 (1.19.7ubuntu3)
End-Date: 2020-04-23  07:36:50

Start-Date: 2020-04-23  07:36:52
Commandline: apt-get install --reinstall e2fsprogs
Reinstall: e2fsprogs:arm64 (1.45.5-2ubuntu1)
End-Date: 2020-04-23  07:36:54

Start-Date: 2020-04-23  07:36:57
Commandline: apt-get install --reinstall fdisk
Reinstall: fdisk:arm64 (2.34-0.1ubuntu9)
End-Date: 2020-04-23  07:36:58

Start-Date: 2020-04-23  07:37:01
Commandline: apt-get install --reinstall findutils
Reinstall: findutils:arm64 (4.7.0-1ubuntu1)
End-Date: 2020-04-23  07:37:02

Start-Date: 2020-04-23  07:37:05
Commandline: apt-get install --reinstall gcc-10-base:arm64
Reinstall: gcc-10-base:arm64 (10-20200411-0ubuntu1)
End-Date: 2020-04-23  07:37:06

Start-Date: 2020-04-23  07:37:09
Commandline: apt-get install --reinstall gpgv
Reinstall: gpgv:arm64 (2.2.19-3ubuntu2)
End-Date: 2020-04-23  07:37:10

Start-Date: 2020-04-23  07:37:13
Commandline: apt-get install --reinstall grep
Reinstall: grep:arm64 (3.4-1)
End-Date: 2020-04-23  07:37:14

Start-Date: 2020-04-23  07:37:17
Commandline: apt-get install --reinstall gzip
Reinstall: gzip:arm64 (1.10-0ubuntu4)
End-Date: 2020-04-23  07:37:18

Start-Date: 2020-04-23  07:37:21
Commandline: apt-get install --reinstall hostname
Reinstall: hostname:arm64 (3.23)
End-Date: 2020-04-23  07:37:22

Start-Date: 2020-04-23  07:37:25
Commandline: apt-get install --reinstall init-system-helpers
Reinstall: init-system-helpers:arm64 (1.57)
End-Date: 2020-04-23  07:37:27

Start-Date: 2020-04-23  07:37:29
Commandline: apt-get install --reinstall libacl1:arm64
Reinstall: libacl1:arm64 (2.2.53-6)
End-Date: 2020-04-23  07:37:31

Start-Date: 2020-04-23  07:37:34
Commandline: apt-get install --reinstall libapt-pkg6.0:arm64
Reinstall: libapt-pkg6.0:arm64 (2.0.2)
End-Date: 2020-04-23  07:37:35

Start-Date: 2020-04-23  07:37:38
Commandline: apt-get install --reinstall libattr1:arm64
Reinstall: libattr1:arm64 (1:2.4.48-5)
End-Date: 2020-04-23  07:37:39

Start-Date: 2020-04-23  07:37:42
Commandline: apt-get install --reinstall libaudit-common
Reinstall: libaudit-common:arm64 (1:2.8.5-2ubuntu6)
End-Date: 2020-04-23  07:37:43

Start-Date: 2020-04-23  07:37:46
Commandline: apt-get install --reinstall libaudit1:arm64
Reinstall: libaudit1:arm64 (1:2.8.5-2ubuntu6)
End-Date: 2020-04-23  07:37:48

Start-Date: 2020-04-23  07:37:50
Commandline: apt-get install --reinstall libblkid1:arm64
Reinstall: libblkid1:arm64 (2.34-0.1ubuntu9)
End-Date: 2020-04-23  07:37:52

Start-Date: 2020-04-23  07:37:54
Commandline: apt-get install --reinstall libbz2-1.0:arm64
Reinstall: libbz2-1.0:arm64 (1.0.8-2)
End-Date: 2020-04-23  07:37:56

Start-Date: 2020-04-23  07:37:59
Commandline: apt-get install --reinstall libc-bin
Reinstall: libc-bin:arm64 (2.31-0ubuntu9)
End-Date: 2020-04-23  07:38:00

Start-Date: 2020-04-23  07:38:04
Commandline: apt-get install --reinstall libc6:arm64
Reinstall: libc6:arm64 (2.31-0ubuntu9)
End-Date: 2020-04-23  07:38:07

Start-Date: 2020-04-23  07:38:10
Commandline: apt-get install --reinstall libcap-ng0:arm64
Reinstall: libcap-ng0:arm64 (0.7.9-2.1build1)
End-Date: 2020-04-23  07:38:12

Start-Date: 2020-04-23  07:38:14
Commandline: apt-get install --reinstall libcom-err2:arm64
Reinstall: libcom-err2:arm64 (1.45.5-2ubuntu1)
End-Date: 2020-04-23  07:38:15

Start-Date: 2020-04-23  07:38:18
Commandline: apt-get install --reinstall libcrypt1:arm64
Reinstall: libcrypt1:arm64 (1:4.4.10-10ubuntu4)
End-Date: 2020-04-23  07:38:20

Start-Date: 2020-04-23  07:38:23
Commandline: apt-get install --reinstall libdb5.3:arm64
Reinstall: libdb5.3:arm64 (5.3.28+dfsg1-0.6ubuntu2)
End-Date: 2020-04-23  07:38:25

Start-Date: 2020-04-23  07:38:27
Commandline: apt-get install --reinstall libdebconfclient0:arm64
Reinstall: libdebconfclient0:arm64 (0.251ubuntu1)
End-Date: 2020-04-23  07:38:29

Start-Date: 2020-04-23  07:38:32
Commandline: apt-get install --reinstall libext2fs2:arm64
Reinstall: libext2fs2:arm64 (1.45.5-2ubuntu1)
End-Date: 2020-04-23  07:38:33

Start-Date: 2020-04-23  07:38:35
Commandline: apt-get install --reinstall libfdisk1:arm64
Reinstall: libfdisk1:arm64 (2.34-0.1ubuntu9)
End-Date: 2020-04-23  07:38:36

Start-Date: 2020-04-23  07:38:39
Commandline: apt-get install --reinstall libffi7:arm64
Reinstall: libffi7:arm64 (3.3-4)
End-Date: 2020-04-23  07:38:41

Start-Date: 2020-04-23  07:38:44
Commandline: apt-get install --reinstall libgcc-s1:arm64
Reinstall: libgcc-s1:arm64 (10-20200411-0ubuntu1)
End-Date: 2020-04-23  07:38:45

Start-Date: 2020-04-23  07:38:48
Commandline: apt-get install --reinstall libgcrypt20:arm64
Reinstall: libgcrypt20:arm64 (1.8.5-5ubuntu1)
End-Date: 2020-04-23  07:38:49

Start-Date: 2020-04-23  07:38:52
Commandline: apt-get install --reinstall libgmp10:arm64
Reinstall: libgmp10:arm64 (2:6.2.0+dfsg-4)
End-Date: 2020-04-23  07:38:53

Start-Date: 2020-04-23  07:38:56
Commandline: apt-get install --reinstall libgnutls30:arm64
Reinstall: libgnutls30:arm64 (3.6.13-2ubuntu1)
End-Date: 2020-04-23  07:38:57

Start-Date: 2020-04-23  07:39:00
Commandline: apt-get install --reinstall libgpg-error0:arm64
Reinstall: libgpg-error0:arm64 (1.37-1)
End-Date: 2020-04-23  07:39:01

Start-Date: 2020-04-23  07:39:04
Commandline: apt-get install --reinstall libhogweed5:arm64
Reinstall: libhogweed5:arm64 (3.5.1+really3.5.1-2)
End-Date: 2020-04-23  07:39:05

Start-Date: 2020-04-23  07:39:08
Commandline: apt-get install --reinstall libidn2-0:arm64
Reinstall: libidn2-0:arm64 (2.2.0-2)
End-Date: 2020-04-23  07:39:10

Start-Date: 2020-04-23  07:39:12
Commandline: apt-get install --reinstall liblz4-1:arm64
Reinstall: liblz4-1:arm64 (1.9.2-2)
End-Date: 2020-04-23  07:39:14

Start-Date: 2020-04-23  07:39:16
Commandline: apt-get install --reinstall liblzma5:arm64
Reinstall: liblzma5:arm64 (5.2.4-1)
End-Date: 2020-04-23  07:39:18

Start-Date: 2020-04-23  07:39:21
Commandline: apt-get install --reinstall libmount1:arm64
Reinstall: libmount1:arm64 (2.34-0.1ubuntu9)
End-Date: 2020-04-23  07:39:22

Start-Date: 2020-04-23  07:39:25
Commandline: apt-get install --reinstall libncurses6:arm64
Reinstall: libncurses6:arm64 (6.2-0ubuntu2)
End-Date: 2020-04-23  07:39:26

Start-Date: 2020-04-23  07:39:28
Commandline: apt-get install --reinstall libncursesw6:arm64
Reinstall: libncursesw6:arm64 (6.2-0ubuntu2)
End-Date: 2020-04-23  07:39:29

Start-Date: 2020-04-23  07:39:32
Commandline: apt-get install --reinstall libnettle7:arm64
Reinstall: libnettle7:arm64 (3.5.1+really3.5.1-2)
End-Date: 2020-04-23  07:39:33

Start-Date: 2020-04-23  07:39:36
Commandline: apt-get install --reinstall libp11-kit0:arm64
Reinstall: libp11-kit0:arm64 (0.23.20-1build1)
End-Date: 2020-04-23  07:39:38

Start-Date: 2020-04-23  07:39:40
Commandline: apt-get install --reinstall libpam-modules:arm64
Reinstall: libpam-modules:arm64 (1.3.1-5ubuntu4)
End-Date: 2020-04-23  07:39:42

Start-Date: 2020-04-23  07:39:45
Commandline: apt-get install --reinstall libpam-modules-bin
Reinstall: libpam-modules-bin:arm64 (1.3.1-5ubuntu4)
End-Date: 2020-04-23  07:39:46

Start-Date: 2020-04-23  07:39:49
Commandline: apt-get install --reinstall libpam-runtime
Reinstall: libpam-runtime:arm64 (1.3.1-5ubuntu4)
End-Date: 2020-04-23  07:39:50

Start-Date: 2020-04-23  07:39:53
Commandline: apt-get install --reinstall libpam0g:arm64
Reinstall: libpam0g:arm64 (1.3.1-5ubuntu4)
End-Date: 2020-04-23  07:39:54

Start-Date: 2020-04-23  07:39:57
Commandline: apt-get install --reinstall libpcre2-8-0:arm64
Reinstall: libpcre2-8-0:arm64 (10.34-7)
End-Date: 2020-04-23  07:39:58

Start-Date: 2020-04-23  07:40:01
Commandline: apt-get install --reinstall libpcre3:arm64
Reinstall: libpcre3:arm64 (2:8.39-12build1)
End-Date: 2020-04-23  07:40:02

Start-Date: 2020-04-23  07:40:05
Commandline: apt-get install --reinstall libprocps8:arm64
Reinstall: libprocps8:arm64 (2:3.3.16-1ubuntu2)
End-Date: 2020-04-23  07:40:06

Start-Date: 2020-04-23  07:40:09
Commandline: apt-get install --reinstall libseccomp2:arm64
Reinstall: libseccomp2:arm64 (2.4.3-1ubuntu1)
End-Date: 2020-04-23  07:40:10

Start-Date: 2020-04-23  07:40:13
Commandline: apt-get install --reinstall libselinux1:arm64
Reinstall: libselinux1:arm64 (3.0-1build2)
End-Date: 2020-04-23  07:40:14

Start-Date: 2020-04-23  07:40:17
Commandline: apt-get install --reinstall libsemanage-common
Reinstall: libsemanage-common:arm64 (3.0-1build2)
End-Date: 2020-04-23  07:40:18

Start-Date: 2020-04-23  07:40:21
Commandline: apt-get install --reinstall libsemanage1:arm64
Reinstall: libsemanage1:arm64 (3.0-1build2)
End-Date: 2020-04-23  07:40:22

Start-Date: 2020-04-23  07:40:25
Commandline: apt-get install --reinstall libsepol1:arm64
Reinstall: libsepol1:arm64 (3.0-1)
End-Date: 2020-04-23  07:40:26

Start-Date: 2020-04-23  07:40:29
Commandline: apt-get install --reinstall libsmartcols1:arm64
Reinstall: libsmartcols1:arm64 (2.34-0.1ubuntu9)
End-Date: 2020-04-23  07:40:30

Start-Date: 2020-04-23  07:40:33
Commandline: apt-get install --reinstall libss2:arm64
Reinstall: libss2:arm64 (1.45.5-2ubuntu1)
End-Date: 2020-04-23  07:40:34

Start-Date: 2020-04-23  07:40:37
Commandline: apt-get install --reinstall libstdc++6:arm64
Reinstall: libstdc++6:arm64 (10-20200411-0ubuntu1)
End-Date: 2020-04-23  07:40:38

Start-Date: 2020-04-23  07:40:41
Commandline: apt-get install --reinstall libsystemd0:arm64
Reinstall: libsystemd0:arm64 (245.4-4ubuntu3)
End-Date: 2020-04-23  07:40:42

Start-Date: 2020-04-23  07:40:45
Commandline: apt-get install --reinstall libtasn1-6:arm64
Reinstall: libtasn1-6:arm64 (4.16.0-2)
End-Date: 2020-04-23  07:40:47

Start-Date: 2020-04-23  07:40:49
Commandline: apt-get install --reinstall libtinfo6:arm64
Reinstall: libtinfo6:arm64 (6.2-0ubuntu2)
End-Date: 2020-04-23  07:40:51

Start-Date: 2020-04-23  07:40:53
Commandline: apt-get install --reinstall libudev1:arm64
Reinstall: libudev1:arm64 (245.4-4ubuntu3)
End-Date: 2020-04-23  07:40:55

Start-Date: 2020-04-23  07:40:57
Commandline: apt-get install --reinstall libunistring2:arm64
Reinstall: libunistring2:arm64 (0.9.10-2)
End-Date: 2020-04-23  07:40:59

Start-Date: 2020-04-23  07:41:02
Commandline: apt-get install --reinstall libuuid1:arm64
Reinstall: libuuid1:arm64 (2.34-0.1ubuntu9)
End-Date: 2020-04-23  07:41:03

Start-Date: 2020-04-23  07:41:06
Commandline: apt-get install --reinstall libzstd1:arm64
Reinstall: libzstd1:arm64 (1.4.4+dfsg-3)
End-Date: 2020-04-23  07:41:07

Start-Date: 2020-04-23  07:41:10
Commandline: apt-get install --reinstall login
Reinstall: login:arm64 (1:4.8.1-1ubuntu5)
End-Date: 2020-04-23  07:41:11

Start-Date: 2020-04-23  07:41:14
Commandline: apt-get install --reinstall logsave
Reinstall: logsave:arm64 (1.45.5-2ubuntu1)
End-Date: 2020-04-23  07:41:15

Start-Date: 2020-04-23  07:41:18
Commandline: apt-get install --reinstall lsb-base
Reinstall: lsb-base:arm64 (11.1.0ubuntu2)
End-Date: 2020-04-23  07:41:19

Start-Date: 2020-04-23  07:41:22
Commandline: apt-get install --reinstall mawk
Reinstall: mawk:arm64 (1.3.4.20200120-2)
End-Date: 2020-04-23  07:41:23

Start-Date: 2020-04-23  07:41:26
Commandline: apt-get install --reinstall mount
Reinstall: mount:arm64 (2.34-0.1ubuntu9)
End-Date: 2020-04-23  07:41:27

Start-Date: 2020-04-23  07:41:30
Commandline: apt-get install --reinstall ncurses-base
Reinstall: ncurses-base:arm64 (6.2-0ubuntu2)
End-Date: 2020-04-23  07:41:31

Start-Date: 2020-04-23  07:41:34
Commandline: apt-get install --reinstall ncurses-bin
Reinstall: ncurses-bin:arm64 (6.2-0ubuntu2)
End-Date: 2020-04-23  07:41:35

Start-Date: 2020-04-23  07:41:38
Commandline: apt-get install --reinstall passwd
Reinstall: passwd:arm64 (1:4.8.1-1ubuntu5)
End-Date: 2020-04-23  07:41:40

Start-Date: 2020-04-23  07:41:42
Commandline: apt-get install --reinstall perl-base
Reinstall: perl-base:arm64 (5.30.0-9build1)
End-Date: 2020-04-23  07:41:44

Start-Date: 2020-04-23  07:41:47
Commandline: apt-get install --reinstall procps
Reinstall: procps:arm64 (2:3.3.16-1ubuntu2)
End-Date: 2020-04-23  07:41:48

Start-Date: 2020-04-23  07:41:51
Commandline: apt-get install --reinstall sed
Reinstall: sed:arm64 (4.7-1)
End-Date: 2020-04-23  07:41:52

Start-Date: 2020-04-23  07:41:55
Commandline: apt-get install --reinstall sensible-utils
Reinstall: sensible-utils:arm64 (0.0.12+nmu1)
End-Date: 2020-04-23  07:41:56

Start-Date: 2020-04-23  07:41:59
Commandline: apt-get install --reinstall sysvinit-utils
Reinstall: sysvinit-utils:arm64 (2.96-2.1ubuntu1)
End-Date: 2020-04-23  07:42:00

Start-Date: 2020-04-23  07:42:03
Commandline: apt-get install --reinstall tar
Reinstall: tar:arm64 (1.30+dfsg-7)
End-Date: 2020-04-23  07:42:04

Start-Date: 2020-04-23  07:42:07
Commandline: apt-get install --reinstall ubuntu-keyring
Reinstall: ubuntu-keyring:arm64 (2020.02.11.2)
End-Date: 2020-04-23  07:42:08

Start-Date: 2020-04-23  07:42:11
Commandline: apt-get install --reinstall util-linux
Reinstall: util-linux:arm64 (2.34-0.1ubuntu9)
End-Date: 2020-04-23  07:42:14

Start-Date: 2020-04-23  07:42:17
Commandline: apt-get install --reinstall zlib1g:arm64
Reinstall: zlib1g:arm64 (1:1.2.11.dfsg-2ubuntu1)
End-Date: 2020-04-23  07:42:18
